               total        used        free      shared  buff/cache   available
Mem:        15941968     1492968    14348792        3260      380712    14449000
Swap:        4194304           0     4194304
               total        used        free      shared  buff/cache   available
Mem:        15941968     1474020    14367708        3260      380740    14467948
Swap:        4194304           0     4194304
               total        used        free      shared  buff/cache   available
Mem:        15941968     1475016    14366700        3260      380752    14466952
Swap:        4194304           0     4194304
               total        used        free      shared  buff/cache   available
Mem:        15941968     1475264    14366452        3260      380752    14466704
Swap:        4194304           0     4194304
               total        used        free      shared  buff/cache   available
Mem:        15941968     1474632    14367084        3260      380752    14467336
Swap:        4194304           0     4194304
               total        used        free      shared  buff/cache   available
Mem:        15941968     1473692    14368024        3260      380752    14468276
Swap:        4194304           0     4194304
               total        used        free      shared  buff/cache   available
Mem:        15941968     1473692    14368024        3260      380752    14468276
Swap:        4194304           0     4194304
